<?xml version="1.0" encoding="UTF-8"?>
<!-- Generated by org.testng.reporters.JUnitReportReporter -->
<testsuite hostname="LTIN257247" failures="0" tests="4" name="TestRunner.testRun" time="204.328" errors="0" timestamp="2024-03-04T11:37:49 IST" skipped="0">
  <testcase classname="TestRunner.testRun" name="runScenario" time="49.136"/>
  <testcase classname="TestRunner.testRun" name="runScenario" time="57.833"/>
  <testcase classname="TestRunner.testRun" name="runScenario" time="40.298"/>
  <testcase classname="TestRunner.testRun" name="runScenario" time="57.061"/>
</testsuite> <!-- TestRunner.testRun -->
