<?xml version="1.0" encoding="UTF-8"?>
<!-- Generated by org.testng.reporters.JUnitReportReporter -->
<testsuite hostname="LTIN257247" failures="0" tests="1" name="TestRunner.testRun" time="43.726" errors="0" timestamp="2024-03-09T21:15:27 IST" skipped="0">
  <testcase classname="TestRunner.testRun" name="runScenario" time="43.726"/>
</testsuite> <!-- TestRunner.testRun -->
