<?xml version="1.0" encoding="UTF-8"?>
<!-- Generated by org.testng.reporters.JUnitReportReporter -->
<testsuite hostname="LTIN257247" failures="0" tests="12" name="TestRunner.testRun" time="786.927" errors="0" timestamp="2024-03-04T15:05:55 IST" skipped="0">
  <testcase classname="TestRunner.testRun" name="runScenario" time="71.715"/>
  <testcase classname="TestRunner.testRun" name="runScenario" time="74.601"/>
  <testcase classname="TestRunner.testRun" name="runScenario" time="92.370"/>
  <testcase classname="TestRunner.testRun" name="runScenario" time="61.748"/>
  <testcase classname="TestRunner.testRun" name="runScenario" time="52.145"/>
  <testcase classname="TestRunner.testRun" name="runScenario" time="51.421"/>
  <testcase classname="TestRunner.testRun" name="runScenario" time="73.771"/>
  <testcase classname="TestRunner.testRun" name="runScenario" time="71.353"/>
  <testcase classname="TestRunner.testRun" name="runScenario" time="75.589"/>
  <testcase classname="TestRunner.testRun" name="runScenario" time="45.273"/>
  <testcase classname="TestRunner.testRun" name="runScenario" time="41.504"/>
  <testcase classname="TestRunner.testRun" name="runScenario" time="75.437"/>
</testsuite> <!-- TestRunner.testRun -->
