<?xml version="1.0" encoding="UTF-8"?>
<!-- Generated by org.testng.reporters.JUnitReportReporter -->
<testsuite hostname="LTIN257247" failures="0" tests="4" name="TestRunner.testRun" time="391.400" errors="0" timestamp="2024-02-29T15:51:42 IST" skipped="0">
  <testcase classname="TestRunner.testRun" name="runScenario" time="70.693"/>
  <testcase classname="TestRunner.testRun" name="runScenario" time="102.547"/>
  <testcase classname="TestRunner.testRun" name="runScenario" time="95.116"/>
  <testcase classname="TestRunner.testRun" name="runScenario" time="123.044"/>
</testsuite> <!-- TestRunner.testRun -->
